\BOOKMARK [0][-]{chapter*.5}{\315ndice de figuras}{}% 1
\BOOKMARK [0][-]{chapter.1}{Introduci\363n}{}% 2
\BOOKMARK [1][-]{section.1.1}{Videojuegos y personas invidentes}{chapter.1}% 3
\BOOKMARK [2][-]{subsection.1.1.1}{Visita a la ONCE}{section.1.1}% 4
\BOOKMARK [1][-]{section.1.2}{Motivaci\363n}{chapter.1}% 5
\BOOKMARK [1][-]{section.1.3}{Estrutura da memoria}{chapter.1}% 6
\BOOKMARK [0][-]{chapter.2}{Estado del Arte}{}% 7
\BOOKMARK [0][-]{chapter.3}{Fundamentos Tecnol\363gicos}{}% 8
\BOOKMARK [1][-]{section.3.1}{Herramientas empleadas}{chapter.3}% 9
\BOOKMARK [1][-]{section.3.2}{Bibliotecas empregadas}{chapter.3}% 10
\BOOKMARK [0][-]{chapter.4}{Metodolog\355a}{}% 11
\BOOKMARK [1][-]{section.4.1}{Desarrollo en cascada}{chapter.4}% 12
\BOOKMARK [1][-]{section.4.2}{Scrum}{chapter.4}% 13
\BOOKMARK [2][-]{subsection.4.2.1}{Pr\341cticas recomendadas de Scrum}{section.4.2}% 14
\BOOKMARK [2][-]{subsection.4.2.2}{Valores de Scrum}{section.4.2}% 15
\BOOKMARK [1][-]{section.4.3}{Otras consideraciones}{chapter.4}% 16
\BOOKMARK [1][-]{section.4.4}{Metodolox\355a seguida}{chapter.4}% 17
\BOOKMARK [0][-]{chapter.5}{Planificaci\363n y Seguimiento}{}% 18
\BOOKMARK [0][-]{chapter.6}{An\341lisis de Requisitos}{}% 19
\BOOKMARK [1][-]{section.6.1}{Consultas con la comunidad}{chapter.6}% 20
\BOOKMARK [2][-]{subsection.6.1.1}{Resumen}{section.6.1}% 21
\BOOKMARK [1][-]{section.6.2}{An\341lisis de otros elementos}{chapter.6}% 22
\BOOKMARK [1][-]{section.6.3}{Requisitos del aplicativo}{chapter.6}% 23
\BOOKMARK [0][-]{chapter.7}{Dise\361o e Implementaci\363n}{}% 24
\BOOKMARK [0][-]{chapter.8}{Recepci\363n, conclusi\363n y trabajo futuro.}{}% 25
\BOOKMARK [1][-]{section.8.1}{Recepci\363n y Feedback}{chapter.8}% 26
\BOOKMARK [1][-]{section.8.2}{Conclusi\363n}{chapter.8}% 27
\BOOKMARK [1][-]{section.8.3}{Trabajo Futuro}{chapter.8}% 28
\BOOKMARK [0][-]{appendix.Alph1}{Escoger la licencia}{}% 29
\BOOKMARK [0][-]{appendix.Alph2}{Instalaci\363n e Instrucciones}{}% 30
